This is pdfTeX, Version 3.14159265-2.6-1.40.18 (TeX Live 2017) (preloaded format=pdflatex 2017.10.5)  11 SEP 2018 11:25
entering extended mode
 restricted \write18 enabled.
 %&-line parsing enabled.
**HurstMScThesis.tex -shell-escape
(./HurstMScThesis.tex
LaTeX2e <2017-04-15>
Babel <3.10> and hyphenation patterns for 84 language(s) loaded.
(/usr/local/texlive/2017/texmf-dist/tex/latex/base/article.cls
Document Class: article 2014/09/29 v1.4h Standard LaTeX document class
(/usr/local/texlive/2017/texmf-dist/tex/latex/base/size12.clo
File: size12.clo 2014/09/29 v1.4h Standard LaTeX file (size option)
)
\c@part=\count79
\c@section=\count80
\c@subsection=\count81
\c@subsubsection=\count82
\c@paragraph=\count83
\c@subparagraph=\count84
\c@figure=\count85
\c@table=\count86
\abovecaptionskip=\skip41
\belowcaptionskip=\skip42
\bibindent=\dimen102
) (./preamble.tex (/usr/local/texlive/2017/texmf-dist/tex/latex/geometry/geomet
ry.sty
Package: geometry 2010/09/12 v5.6 Page Geometry

(/usr/local/texlive/2017/texmf-dist/tex/latex/graphics/keyval.sty
Package: keyval 2014/10/28 v1.15 key=value parser (DPC)
\KV@toks@=\toks14
)
(/usr/local/texlive/2017/texmf-dist/tex/generic/oberdiek/ifpdf.sty
Package: ifpdf 2017/03/15 v3.2 Provides the ifpdf switch
)
(/usr/local/texlive/2017/texmf-dist/tex/generic/oberdiek/ifvtex.sty
Package: ifvtex 2016/05/16 v1.6 Detect VTeX and its facilities (HO)
Package ifvtex Info: VTeX not detected.
)
(/usr/local/texlive/2017/texmf-dist/tex/generic/ifxetex/ifxetex.sty
Package: ifxetex 2010/09/12 v0.6 Provides ifxetex conditional
)
\Gm@cnth=\count87
\Gm@cntv=\count88
\c@Gm@tempcnt=\count89
\Gm@bindingoffset=\dimen103
\Gm@wd@mp=\dimen104
\Gm@odd@mp=\dimen105
\Gm@even@mp=\dimen106
\Gm@layoutwidth=\dimen107
\Gm@layoutheight=\dimen108
\Gm@layouthoffset=\dimen109
\Gm@layoutvoffset=\dimen110
\Gm@dimlist=\toks15
)
(/usr/local/texlive/2017/texmf-dist/tex/latex/graphics/graphicx.sty
Package: graphicx 2014/10/28 v1.0g Enhanced LaTeX Graphics (DPC,SPQR)

(/usr/local/texlive/2017/texmf-dist/tex/latex/graphics/graphics.sty
Package: graphics 2017/04/14 v1.1b Standard LaTeX Graphics (DPC,SPQR)

(/usr/local/texlive/2017/texmf-dist/tex/latex/graphics/trig.sty
Package: trig 2016/01/03 v1.10 sin cos tan (DPC)
)
(/usr/local/texlive/2017/texmf-dist/tex/latex/graphics-cfg/graphics.cfg
File: graphics.cfg 2016/06/04 v1.11 sample graphics configuration
)
Package graphics Info: Driver file: pdftex.def on input line 99.

(/usr/local/texlive/2017/texmf-dist/tex/latex/graphics-def/pdftex.def
File: pdftex.def 2017/01/12 v0.06k Graphics/color for pdfTeX

(/usr/local/texlive/2017/texmf-dist/tex/generic/oberdiek/infwarerr.sty
Package: infwarerr 2016/05/16 v1.4 Providing info/warning/error messages (HO)
)
(/usr/local/texlive/2017/texmf-dist/tex/generic/oberdiek/ltxcmds.sty
Package: ltxcmds 2016/05/16 v1.23 LaTeX kernel commands for general use (HO)
)
\Gread@gobject=\count90
))
\Gin@req@height=\dimen111
\Gin@req@width=\dimen112
)
(/usr/local/texlive/2017/texmf-dist/tex/latex/adjustbox/adjustbox.sty
Package: adjustbox 2012/05/21 v1.0 Adjusting TeX boxes (trim, clip, ...)

(/usr/local/texlive/2017/texmf-dist/tex/latex/xkeyval/xkeyval.sty
Package: xkeyval 2014/12/03 v2.7a package option processing (HA)

(/usr/local/texlive/2017/texmf-dist/tex/generic/xkeyval/xkeyval.tex
(/usr/local/texlive/2017/texmf-dist/tex/generic/xkeyval/xkvutils.tex
\XKV@toks=\toks16
\XKV@tempa@toks=\toks17
)
\XKV@depth=\count91
File: xkeyval.tex 2014/12/03 v2.7a key=value parser (HA)
))
(/usr/local/texlive/2017/texmf-dist/tex/latex/adjustbox/adjcalc.sty
Package: adjcalc 2012/05/16 v1.1 Provides advanced setlength with multiple back
-ends (calc, etex, pgfmath)
)
(/usr/local/texlive/2017/texmf-dist/tex/latex/adjustbox/trimclip.sty
Package: trimclip 2012/05/16 v1.0 Trim and clip general TeX material

(/usr/local/texlive/2017/texmf-dist/tex/latex/collectbox/collectbox.sty
Package: collectbox 2012/05/17 v0.4b Collect macro arguments as boxes
\collectedbox=\box26
)
\tc@llx=\dimen113
\tc@lly=\dimen114
\tc@urx=\dimen115
\tc@ury=\dimen116
Package trimclip Info: Using driver 'tc-pdftex.def'.

(/usr/local/texlive/2017/texmf-dist/tex/latex/adjustbox/tc-pdftex.def
File: tc-pdftex.def 2012/05/13 v1.0 Clipping driver for pdftex
))
\adjbox@Width=\dimen117
\adjbox@Height=\dimen118
\adjbox@Depth=\dimen119
\adjbox@Totalheight=\dimen120

(/usr/local/texlive/2017/texmf-dist/tex/latex/ifoddpage/ifoddpage.sty
Package: ifoddpage 2016/04/23 v1.1 Conditionals for odd/even page detection
\c@checkoddpage=\count92
)
(/usr/local/texlive/2017/texmf-dist/tex/latex/varwidth/varwidth.sty
Package: varwidth 2009/03/30 ver 0.92;  Variable-width minipages
\@vwid@box=\box27
\sift@deathcycles=\count93
\@vwid@loff=\dimen121
\@vwid@roff=\dimen122
))
(/usr/local/texlive/2017/texmf-dist/tex/latex/oberdiek/epstopdf.sty
Package: epstopdf 2016/05/15 v2.6 Conversion with epstopdf on the fly (HO)

(/usr/local/texlive/2017/texmf-dist/tex/latex/oberdiek/epstopdf-base.sty
Package: epstopdf-base 2016/05/15 v2.6 Base part for package epstopdf

(/usr/local/texlive/2017/texmf-dist/tex/latex/oberdiek/grfext.sty
Package: grfext 2016/05/16 v1.2 Manage graphics extensions (HO)

(/usr/local/texlive/2017/texmf-dist/tex/generic/oberdiek/kvdefinekeys.sty
Package: kvdefinekeys 2016/05/16 v1.4 Define keys (HO)
))
(/usr/local/texlive/2017/texmf-dist/tex/latex/oberdiek/kvoptions.sty
Package: kvoptions 2016/05/16 v3.12 Key value format for package options (HO)

(/usr/local/texlive/2017/texmf-dist/tex/generic/oberdiek/kvsetkeys.sty
Package: kvsetkeys 2016/05/16 v1.17 Key value parser (HO)

(/usr/local/texlive/2017/texmf-dist/tex/generic/oberdiek/etexcmds.sty
Package: etexcmds 2016/05/16 v1.6 Avoid name clashes with e-TeX commands (HO)

(/usr/local/texlive/2017/texmf-dist/tex/generic/oberdiek/ifluatex.sty
Package: ifluatex 2016/05/16 v1.4 Provides the ifluatex switch (HO)
Package ifluatex Info: LuaTeX not detected.
)
Package etexcmds Info: Could not find \expanded.
(etexcmds)             That can mean that you are not using pdfTeX 1.50 or
(etexcmds)             that some package has redefined \expanded.
(etexcmds)             In the latter case, load this package earlier.
)))
(/usr/local/texlive/2017/texmf-dist/tex/generic/oberdiek/pdftexcmds.sty
Package: pdftexcmds 2017/03/19 v0.25 Utility functions of pdfTeX for LuaTeX (HO
)
Package pdftexcmds Info: LuaTeX not detected.
Package pdftexcmds Info: \pdf@primitive is available.
Package pdftexcmds Info: \pdf@ifprimitive is available.
Package pdftexcmds Info: \pdfdraftmode found.
)
Package epstopdf-base Info: Redefining graphics rule for `.eps' on input line 4
38.
Package grfext Info: Graphics extension search list:
(grfext)             [.png,.pdf,.jpg,.mps,.jpeg,.jbig2,.jb2,.PNG,.PDF,.JPG,.JPE
G,.JBIG2,.JB2,.eps]
(grfext)             \AppendGraphicsExtensions on input line 456.

(/usr/local/texlive/2017/texmf-dist/tex/latex/latexconfig/epstopdf-sys.cfg
File: epstopdf-sys.cfg 2010/07/13 v1.3 Configuration of (r)epstopdf for TeX Liv
e
)))
(/usr/local/texlive/2017/texmf-dist/tex/latex/eso-pic/eso-pic.sty
Package: eso-pic 2015/07/21 v2.0g eso-pic (RN)

(/usr/local/texlive/2017/texmf-dist/tex/generic/oberdiek/atbegshi.sty
Package: atbegshi 2016/06/09 v1.18 At begin shipout hook (HO)
)
(/usr/local/texlive/2017/texmf-dist/tex/latex/xcolor/xcolor.sty
Package: xcolor 2016/05/11 v2.12 LaTeX color extensions (UK)

(/usr/local/texlive/2017/texmf-dist/tex/latex/graphics-cfg/color.cfg
File: color.cfg 2016/01/02 v1.6 sample color configuration
)
Package xcolor Info: Driver file: pdftex.def on input line 225.
Package xcolor Info: Model `cmy' substituted by `cmy0' on input line 1348.
Package xcolor Info: Model `hsb' substituted by `rgb' on input line 1352.
Package xcolor Info: Model `RGB' extended on input line 1364.
Package xcolor Info: Model `HTML' substituted by `rgb' on input line 1366.
Package xcolor Info: Model `Hsb' substituted by `hsb' on input line 1367.
Package xcolor Info: Model `tHsb' substituted by `hsb' on input line 1368.
Package xcolor Info: Model `HSB' substituted by `hsb' on input line 1369.
Package xcolor Info: Model `Gray' substituted by `gray' on input line 1370.
Package xcolor Info: Model `wave' substituted by `hsb' on input line 1371.
))
(/usr/local/texlive/2017/texmf-dist/tex/latex/tools/verbatim.sty
Package: verbatim 2014/10/28 v1.5q LaTeX2e package for verbatim enhancements
\every@verbatim=\toks18
\verbatim@line=\toks19
\verbatim@in@stream=\read1
)
(/usr/local/texlive/2017/texmf-dist/tex/latex/algorithms/algorithm.sty
Package: algorithm 2009/08/24 v0.1 Document Style `algorithm' - floating enviro
nment

(/usr/local/texlive/2017/texmf-dist/tex/latex/float/float.sty
Package: float 2001/11/08 v1.3d Float enhancements (AL)
\c@float@type=\count94
\float@exts=\toks20
\float@box=\box28
\@float@everytoks=\toks21
\@floatcapt=\box29
)
(/usr/local/texlive/2017/texmf-dist/tex/latex/base/ifthen.sty
Package: ifthen 2014/09/29 v1.1c Standard LaTeX ifthen package (DPC)
)
\@float@every@algorithm=\toks22
\c@algorithm=\count95
)
(/usr/local/texlive/2017/texmf-dist/tex/latex/algorithmicx/algpseudocode.sty
Package: algpseudocode 

(/usr/local/texlive/2017/texmf-dist/tex/latex/algorithmicx/algorithmicx.sty
Package: algorithmicx 2005/04/27 v1.2 Algorithmicx

Document Style algorithmicx 1.2 - a greatly improved `algorithmic' style
\c@ALG@line=\count96
\c@ALG@rem=\count97
\c@ALG@nested=\count98
\ALG@tlm=\skip43
\ALG@thistlm=\skip44
\c@ALG@Lnr=\count99
\c@ALG@blocknr=\count100
\c@ALG@storecount=\count101
\c@ALG@tmpcounter=\count102
\ALG@tmplength=\skip45
)
Document Style - pseudocode environments for use with the `algorithmicx' style
) (/usr/local/texlive/2017/texmf-dist/tex/latex/was/gensymb.sty
Package: gensymb 2003/07/02 v1.0 (WaS)
)
(/usr/local/texlive/2017/texmf-dist/tex/latex/url/url.sty
\Urlmuskip=\muskip10
Package: url 2013/09/16  ver 3.4  Verb mode for urls, etc.
)
(/usr/local/texlive/2017/texmf-dist/tex/latex/biblatex/biblatex.sty
Package: biblatex 2016/12/05 v3.7 programmable bibliographies (PK/JW/AB)

(/usr/local/texlive/2017/texmf-dist/tex/latex/etoolbox/etoolbox.sty
Package: etoolbox 2017/01/02 v2.4 e-TeX tools for LaTeX (JAW)
\etb@tempcnta=\count103
)
(/usr/local/texlive/2017/texmf-dist/tex/latex/logreq/logreq.sty
Package: logreq 2010/08/04 v1.0 xml request logger
\lrq@indent=\count104

(/usr/local/texlive/2017/texmf-dist/tex/latex/logreq/logreq.def
File: logreq.def 2010/08/04 v1.0 logreq spec v1.0
))
(/usr/local/texlive/2017/texmf-dist/tex/generic/xstring/xstring.sty
(/usr/local/texlive/2017/texmf-dist/tex/generic/xstring/xstring.tex
\@xs@message=\write3
\integerpart=\count105
\decimalpart=\count106
)
Package: xstring 2013/10/13  v1.7c  String manipulations (C Tellechea)
)
\c@tabx@nest=\count107
\c@listtotal=\count108
\c@listcount=\count109
\c@liststart=\count110
\c@liststop=\count111
\c@citecount=\count112
\c@citetotal=\count113
\c@multicitecount=\count114
\c@multicitetotal=\count115
\c@instcount=\count116
\c@maxnames=\count117
\c@minnames=\count118
\c@maxitems=\count119
\c@minitems=\count120
\c@citecounter=\count121
\c@savedcitecounter=\count122
\c@uniquelist=\count123
\c@uniquename=\count124
\c@refsection=\count125
\c@refsegment=\count126
\c@maxextratitle=\count127
\c@maxextratitleyear=\count128
\c@maxextrayear=\count129
\c@maxextraalpha=\count130
\c@abbrvpenalty=\count131
\c@highnamepenalty=\count132
\c@lownamepenalty=\count133
\c@maxparens=\count134
\c@parenlevel=\count135
\blx@tempcnta=\count136
\blx@tempcntb=\count137
\blx@tempcntc=\count138
\blx@maxsection=\count139
\blx@maxsegment@0=\count140
\blx@notetype=\count141
\blx@parenlevel@text=\count142
\blx@parenlevel@foot=\count143
\blx@sectionciteorder@0=\count144
\labelnumberwidth=\skip46
\labelalphawidth=\skip47
\biblabelsep=\skip48
\bibitemsep=\skip49
\bibnamesep=\skip50
\bibinitsep=\skip51
\bibparsep=\skip52
\bibhang=\skip53
\blx@bcfin=\read2
\blx@bcfout=\write4
\c@mincomprange=\count145
\c@maxcomprange=\count146
\c@mincompwidth=\count147
Package biblatex Info: Trying to load biblatex default data model...
Package biblatex Info: ... file 'blx-dm.def' found.

(/usr/local/texlive/2017/texmf-dist/tex/latex/biblatex/blx-dm.def)
Package biblatex Info: Trying to load biblatex style data model...
Package biblatex Info: ... file 'nature.dbx' not found.
Package biblatex Info: Trying to load biblatex custom data model...
Package biblatex Info: ... file 'biblatex-dm.cfg' not found.
\c@afterword=\count148
\c@savedafterword=\count149
\c@annotator=\count150
\c@savedannotator=\count151
\c@author=\count152
\c@savedauthor=\count153
\c@bookauthor=\count154
\c@savedbookauthor=\count155
\c@commentator=\count156
\c@savedcommentator=\count157
\c@editor=\count158
\c@savededitor=\count159
\c@editora=\count160
\c@savededitora=\count161
\c@editorb=\count162
\c@savededitorb=\count163
\c@editorc=\count164
\c@savededitorc=\count165
\c@foreword=\count166
\c@savedforeword=\count167
\c@holder=\count168
\c@savedholder=\count169
\c@introduction=\count170
\c@savedintroduction=\count171
\c@namea=\count172
\c@savednamea=\count173
\c@nameb=\count174
\c@savednameb=\count175
\c@namec=\count176
\c@savednamec=\count177
\c@translator=\count178
\c@savedtranslator=\count179
\c@shortauthor=\count180
\c@savedshortauthor=\count181
\c@shorteditor=\count182
\c@savedshorteditor=\count183
\c@labelname=\count184
\c@savedlabelname=\count185
\c@institution=\count186
\c@savedinstitution=\count187
\c@lista=\count188
\c@savedlista=\count189
\c@listb=\count190
\c@savedlistb=\count191
\c@listc=\count192
\c@savedlistc=\count193
\c@listd=\count194
\c@savedlistd=\count195
\c@liste=\count196
\c@savedliste=\count197
\c@listf=\count198
\c@savedlistf=\count199
\c@location=\count266
\c@savedlocation=\count267
\c@organization=\count268
\c@savedorganization=\count269
\c@origlocation=\count270
\c@savedoriglocation=\count271
\c@origpublisher=\count272
\c@savedorigpublisher=\count273
\c@publisher=\count274
\c@savedpublisher=\count275
\c@language=\count276
\c@savedlanguage=\count277
\c@pageref=\count278
\c@savedpageref=\count279
\shorthandwidth=\skip54
\shortjournalwidth=\skip55
\shortserieswidth=\skip56
\shorttitlewidth=\skip57
\shortauthorwidth=\skip58
\shorteditorwidth=\skip59
Package biblatex Info: Trying to load compatibility code...
Package biblatex Info: ... file 'blx-compat.def' found.

(/usr/local/texlive/2017/texmf-dist/tex/latex/biblatex/blx-compat.def
File: blx-compat.def 2016/12/05 v3.7 biblatex compatibility (PK/JW/AB)
)
Package biblatex Info: Trying to load generic definitions...
Package biblatex Info: ... file 'biblatex.def' found.

(/usr/local/texlive/2017/texmf-dist/tex/latex/biblatex/biblatex.def
File: biblatex.def 2016/12/05 v3.7 biblatex compatibility (PK/JW/AB)
\c@textcitecount=\count280
\c@textcitetotal=\count281
\c@textcitemaxnames=\count282
\c@biburlnumpenalty=\count283
\c@biburlucpenalty=\count284
\c@biburllcpenalty=\count285
\c@smartand=\count286
)
Package biblatex Info: Trying to load bibliography style 'nature'...
Package biblatex Info: ... file 'nature.bbx' found.

(/usr/local/texlive/2017/texmf-dist/tex/latex/biblatex-nature/nature.bbx
File: nature.bbx 2017/03/01 v1.3b biblatex bibliography style
Package biblatex Info: Trying to load bibliography style 'numeric-comp'...
Package biblatex Info: ... file 'numeric-comp.bbx' found.

(/usr/local/texlive/2017/texmf-dist/tex/latex/biblatex/bbx/numeric-comp.bbx
File: numeric-comp.bbx 2016/12/05 v3.7 biblatex bibliography style (PK/JW/AB)
Package biblatex Info: Trying to load bibliography style 'numeric'...
Package biblatex Info: ... file 'numeric.bbx' found.

(/usr/local/texlive/2017/texmf-dist/tex/latex/biblatex/bbx/numeric.bbx
File: numeric.bbx 2016/12/05 v3.7 biblatex bibliography style (PK/JW/AB)
Package biblatex Info: Trying to load bibliography style 'standard'...
Package biblatex Info: ... file 'standard.bbx' found.

(/usr/local/texlive/2017/texmf-dist/tex/latex/biblatex/bbx/standard.bbx
File: standard.bbx 2016/12/05 v3.7 biblatex bibliography style (PK/JW/AB)
\c@bbx:relatedcount=\count287
\c@bbx:relatedtotal=\count288
))))
Package biblatex Info: Trying to load citation style 'nature'...
Package biblatex Info: ... file 'nature.cbx' found.

(/usr/local/texlive/2017/texmf-dist/tex/latex/biblatex-nature/nature.cbx
File: nature.cbx 2017/03/01 v1.3b biblatex citation style
Package biblatex Info: Trying to load citation style 'numeric-comp'...
Package biblatex Info: ... file 'numeric-comp.cbx' found.

(/usr/local/texlive/2017/texmf-dist/tex/latex/biblatex/cbx/numeric-comp.cbx
File: numeric-comp.cbx 2016/12/05 v3.7 biblatex citation style (PK/JW/AB)
\c@cbx@tempcnta=\count289
\c@cbx@tempcntb=\count290
Package biblatex Info: Redefining '\cite'.
Package biblatex Info: Redefining '\parencite'.
Package biblatex Info: Redefining '\footcite'.
Package biblatex Info: Redefining '\footcitetext'.
Package biblatex Info: Redefining '\smartcite'.
Package biblatex Info: Redefining '\supercite'.
Package biblatex Info: Redefining '\textcite'.
Package biblatex Info: Redefining '\textcites'.
Package biblatex Info: Redefining '\cites'.
Package biblatex Info: Redefining '\parencites'.
Package biblatex Info: Redefining '\smartcites'.
))
Package biblatex Info: Trying to load configuration file...
Package biblatex Info: ... file 'biblatex.cfg' found.

(/usr/local/texlive/2017/texmf-dist/tex/latex/biblatex/biblatex.cfg
File: biblatex.cfg 
))
(/usr/local/texlive/2017/texmf-dist/tex/latex/lm/lmodern.sty
Package: lmodern 2009/10/30 v1.6 Latin Modern Fonts
LaTeX Font Info:    Overwriting symbol font `operators' in version `normal'
(Font)                  OT1/cmr/m/n --> OT1/lmr/m/n on input line 22.
LaTeX Font Info:    Overwriting symbol font `letters' in version `normal'
(Font)                  OML/cmm/m/it --> OML/lmm/m/it on input line 23.
LaTeX Font Info:    Overwriting symbol font `symbols' in version `normal'
(Font)                  OMS/cmsy/m/n --> OMS/lmsy/m/n on input line 24.
LaTeX Font Info:    Overwriting symbol font `largesymbols' in version `normal'
(Font)                  OMX/cmex/m/n --> OMX/lmex/m/n on input line 25.
LaTeX Font Info:    Overwriting symbol font `operators' in version `bold'
(Font)                  OT1/cmr/bx/n --> OT1/lmr/bx/n on input line 26.
LaTeX Font Info:    Overwriting symbol font `letters' in version `bold'
(Font)                  OML/cmm/b/it --> OML/lmm/b/it on input line 27.
LaTeX Font Info:    Overwriting symbol font `symbols' in version `bold'
(Font)                  OMS/cmsy/b/n --> OMS/lmsy/b/n on input line 28.
LaTeX Font Info:    Overwriting symbol font `largesymbols' in version `bold'
(Font)                  OMX/cmex/m/n --> OMX/lmex/m/n on input line 29.
LaTeX Font Info:    Overwriting math alphabet `\mathbf' in version `normal'
(Font)                  OT1/cmr/bx/n --> OT1/lmr/bx/n on input line 31.
LaTeX Font Info:    Overwriting math alphabet `\mathsf' in version `normal'
(Font)                  OT1/cmss/m/n --> OT1/lmss/m/n on input line 32.
LaTeX Font Info:    Overwriting math alphabet `\mathit' in version `normal'
(Font)                  OT1/cmr/m/it --> OT1/lmr/m/it on input line 33.
LaTeX Font Info:    Overwriting math alphabet `\mathtt' in version `normal'
(Font)                  OT1/cmtt/m/n --> OT1/lmtt/m/n on input line 34.
LaTeX Font Info:    Overwriting math alphabet `\mathbf' in version `bold'
(Font)                  OT1/cmr/bx/n --> OT1/lmr/bx/n on input line 35.
LaTeX Font Info:    Overwriting math alphabet `\mathsf' in version `bold'
(Font)                  OT1/cmss/bx/n --> OT1/lmss/bx/n on input line 36.
LaTeX Font Info:    Overwriting math alphabet `\mathit' in version `bold'
(Font)                  OT1/cmr/bx/it --> OT1/lmr/bx/it on input line 37.
LaTeX Font Info:    Overwriting math alphabet `\mathtt' in version `bold'
(Font)                  OT1/cmtt/m/n --> OT1/lmtt/m/n on input line 38.
)
(/usr/local/texlive/2017/texmf-dist/tex/latex/amsmath/amsmath.sty
Package: amsmath 2016/11/05 v2.16a AMS math features
\@mathmargin=\skip60

For additional information on amsmath, use the `?' option.
(/usr/local/texlive/2017/texmf-dist/tex/latex/amsmath/amstext.sty
Package: amstext 2000/06/29 v2.01 AMS text

(/usr/local/texlive/2017/texmf-dist/tex/latex/amsmath/amsgen.sty
File: amsgen.sty 1999/11/30 v2.0 generic functions
\@emptytoks=\toks23
\ex@=\dimen123
))
(/usr/local/texlive/2017/texmf-dist/tex/latex/amsmath/amsbsy.sty
Package: amsbsy 1999/11/29 v1.2d Bold Symbols
\pmbraise@=\dimen124
)
(/usr/local/texlive/2017/texmf-dist/tex/latex/amsmath/amsopn.sty
Package: amsopn 2016/03/08 v2.02 operator names
)
\inf@bad=\count291
LaTeX Info: Redefining \frac on input line 213.
\uproot@=\count292
\leftroot@=\count293
LaTeX Info: Redefining \overline on input line 375.
\classnum@=\count294
\DOTSCASE@=\count295
LaTeX Info: Redefining \ldots on input line 472.
LaTeX Info: Redefining \dots on input line 475.
LaTeX Info: Redefining \cdots on input line 596.
\Mathstrutbox@=\box30
\strutbox@=\box31
\big@size=\dimen125
LaTeX Font Info:    Redeclaring font encoding OML on input line 712.
LaTeX Font Info:    Redeclaring font encoding OMS on input line 713.
\macc@depth=\count296
\c@MaxMatrixCols=\count297
\dotsspace@=\muskip11
\c@parentequation=\count298
\dspbrk@lvl=\count299
\tag@help=\toks24
\row@=\count300
\column@=\count301
\maxfields@=\count302
\andhelp@=\toks25
\eqnshift@=\dimen126
\alignsep@=\dimen127
\tagshift@=\dimen128
\tagwidth@=\dimen129
\totwidth@=\dimen130
\lineht@=\dimen131
\@envbody=\toks26
\multlinegap=\skip61
\multlinetaggap=\skip62
\mathdisplay@stack=\toks27
LaTeX Info: Redefining \[ on input line 2817.
LaTeX Info: Redefining \] on input line 2818.
)
(/usr/local/texlive/2017/texmf-dist/tex/latex/listings/listings.sty
\lst@mode=\count303
\lst@gtempboxa=\box32
\lst@token=\toks28
\lst@length=\count304
\lst@currlwidth=\dimen132
\lst@column=\count305
\lst@pos=\count306
\lst@lostspace=\dimen133
\lst@width=\dimen134
\lst@newlines=\count307
\lst@lineno=\count308
\lst@maxwidth=\dimen135

(/usr/local/texlive/2017/texmf-dist/tex/latex/listings/lstmisc.sty
File: lstmisc.sty 2015/06/04 1.6 (Carsten Heinz)
\c@lstnumber=\count309
\lst@skipnumbers=\count310
\lst@framebox=\box33
)
(/usr/local/texlive/2017/texmf-dist/tex/latex/listings/listings.cfg
File: listings.cfg 2015/06/04 1.6 listings configuration
))
Package: listings 2015/06/04 1.6 (Carsten Heinz)

(/usr/local/texlive/2017/texmf-dist/tex/latex/setspace/setspace.sty
Package: setspace 2011/12/19 v6.7a set line spacing
)
(/usr/local/texlive/2017/texmf-dist/tex/latex/fancyhdr/fancyhdr.sty
Package: fancyhdr 2016/09/06 3.8 Extensive control of page headers and footers
\fancy@headwidth=\skip63
\f@ncyO@elh=\skip64
\f@ncyO@erh=\skip65
\f@ncyO@olh=\skip66
\f@ncyO@orh=\skip67
\f@ncyO@elf=\skip68
\f@ncyO@erf=\skip69
\f@ncyO@olf=\skip70
\f@ncyO@orf=\skip71
)
(/usr/local/texlive/2017/texmf-dist/tex/latex/bigfoot/suffix.sty
Package: suffix 2006/07/15 1.5a Variant command support
)
(/usr/local/texlive/2017/texmf-dist/tex/latex/amsfonts/amsfonts.sty
Package: amsfonts 2013/01/14 v3.01 Basic AMSFonts support
\symAMSa=\mathgroup4
\symAMSb=\mathgroup5
LaTeX Font Info:    Overwriting math alphabet `\mathfrak' in version `bold'
(Font)                  U/euf/m/n --> U/euf/b/n on input line 106.
)
(/usr/local/texlive/2017/texmf-dist/tex/latex/wrapfig/wrapfig.sty
\wrapoverhang=\dimen136
\WF@size=\dimen137
\c@WF@wrappedlines=\count311
\WF@box=\box34
\WF@everypar=\toks29
Package: wrapfig 2003/01/31  v 3.6
))
Package biblatex Info: Trying to load language 'english'...
Package biblatex Info: ... file 'english.lbx' found.

(/usr/local/texlive/2017/texmf-dist/tex/latex/biblatex/lbx/english.lbx
File: english.lbx 2016/12/05 v3.7 biblatex localization (PK/JW/AB)
)
\@quotelevel=\count312
\@quotereset=\count313

(./HurstMScThesis.aux)
\openout1 = `HurstMScThesis.aux'.

LaTeX Font Info:    Checking defaults for OML/cmm/m/it on input line 4.
LaTeX Font Info:    ... okay on input line 4.
LaTeX Font Info:    Checking defaults for T1/cmr/m/n on input line 4.
LaTeX Font Info:    ... okay on input line 4.
LaTeX Font Info:    Checking defaults for OT1/cmr/m/n on input line 4.
LaTeX Font Info:    ... okay on input line 4.
LaTeX Font Info:    Checking defaults for OMS/cmsy/m/n on input line 4.
LaTeX Font Info:    ... okay on input line 4.
LaTeX Font Info:    Checking defaults for OMX/cmex/m/n on input line 4.
LaTeX Font Info:    ... okay on input line 4.
LaTeX Font Info:    Checking defaults for U/cmr/m/n on input line 4.
LaTeX Font Info:    ... okay on input line 4.
LaTeX Font Info:    Try loading font information for OT1+lmr on input line 4.

(/usr/local/texlive/2017/texmf-dist/tex/latex/lm/ot1lmr.fd
File: ot1lmr.fd 2009/10/30 v1.6 Font defs for Latin Modern
)
*geometry* driver: auto-detecting
*geometry* detected driver: pdftex
*geometry* verbose mode - [ preamble ] result:
* driver: pdftex
* paper: a4paper
* layout: <same size as paper>
* layoutoffset:(h,v)=(0.0pt,0.0pt)
* modes: 
* h-part:(L,W,R)=(85.35826pt, 426.79135pt, 85.35826pt)
* v-part:(T,H,B)=(56.9055pt, 731.23584pt, 56.9055pt)
* \paperwidth=597.50787pt
* \paperheight=845.04684pt
* \textwidth=426.79135pt
* \textheight=731.23584pt
* \oddsidemargin=13.08827pt
* \evensidemargin=13.08827pt
* \topmargin=-52.36449pt
* \headheight=12.0pt
* \headsep=25.0pt
* \topskip=12.0pt
* \footskip=30.0pt
* \marginparwidth=44.0pt
* \marginparsep=10.0pt
* \columnsep=10.0pt
* \skip\footins=10.8pt plus 4.0pt minus 2.0pt
* \hoffset=0.0pt
* \voffset=0.0pt
* \mag=1000
* \@twocolumnfalse
* \@twosidefalse
* \@mparswitchfalse
* \@reversemarginfalse
* (1in=72.27pt=25.4mm, 1cm=28.453pt)

(/usr/local/texlive/2017/texmf-dist/tex/context/base/mkii/supp-pdf.mkii
[Loading MPS to PDF converter (version 2006.09.02).]
\scratchcounter=\count314
\scratchdimen=\dimen138
\scratchbox=\box35
\nofMPsegments=\count315
\nofMParguments=\count316
\everyMPshowfont=\toks30
\MPscratchCnt=\count317
\MPscratchDim=\dimen139
\MPnumerator=\count318
\makeMPintoPDFobject=\count319
\everyMPtoPDFconversion=\toks31
)
\AtBeginShipoutBox=\box36
LaTeX Info: Redefining \celsius on input line 4.
Package gensymb Info: Faking symbols for \degree and \celsius on input line 4.


Package gensymb Warning: Not defining \perthousand.

LaTeX Info: Redefining \ohm on input line 4.
Package gensymb Info: Using \Omega for \ohm on input line 4.

Package gensymb Warning: Not defining \micro.

Package biblatex Info: No input encoding detected.
(biblatex)             Assuming 'ascii'.
Package biblatex Info: Automatic encoding selection.
(biblatex)             Assuming data encoding 'ascii'.
\openout4 = `HurstMScThesis.bcf'.

Package biblatex Info: Trying to load bibliographic data...
Package biblatex Info: ... file 'HurstMScThesis.bbl' found.
(./HurstMScThesis.bbl)
Package biblatex Info: Reference section=0 on input line 4.
Package biblatex Info: Reference segment=0 on input line 4.
\c@lstlisting=\count320
 <00_headerpic.pdf, id=1, 597.23125pt x 845.1575pt>
File: 00_headerpic.pdf Graphic file (type pdf)

<use 00_headerpic.pdf>
Package pdftex.def Info: 00_headerpic.pdf used on input line 19.
(pdftex.def)             Requested size: 597.16599pt x 845.06516pt.
 [1

{/usr/local/texlive/2017/texmf-var/fonts/map/pdftex/updmap/pdftex.map} <./00_he
aderpic.pdf>]
LaTeX Font Info:    Try loading font information for OML+lmm on input line 27.

(/usr/local/texlive/2017/texmf-dist/tex/latex/lm/omllmm.fd
File: omllmm.fd 2009/10/30 v1.6 Font defs for Latin Modern
)
LaTeX Font Info:    Try loading font information for OMS+lmsy on input line 27.


(/usr/local/texlive/2017/texmf-dist/tex/latex/lm/omslmsy.fd
File: omslmsy.fd 2009/10/30 v1.6 Font defs for Latin Modern
)
LaTeX Font Info:    Try loading font information for OMX+lmex on input line 27.


(/usr/local/texlive/2017/texmf-dist/tex/latex/lm/omxlmex.fd
File: omxlmex.fd 2009/10/30 v1.6 Font defs for Latin Modern
)
LaTeX Font Info:    External font `lmex10' loaded for size
(Font)              <10.95> on input line 27.
LaTeX Font Info:    External font `lmex10' loaded for size
(Font)              <8> on input line 27.
LaTeX Font Info:    External font `lmex10' loaded for size
(Font)              <6> on input line 27.
LaTeX Font Info:    Try loading font information for U+msa on input line 27.

(/usr/local/texlive/2017/texmf-dist/tex/latex/amsfonts/umsa.fd
File: umsa.fd 2013/01/14 v3.01 AMS symbols A
)
LaTeX Font Info:    Try loading font information for U+msb on input line 27.

(/usr/local/texlive/2017/texmf-dist/tex/latex/amsfonts/umsb.fd
File: umsb.fd 2013/01/14 v3.01 AMS symbols B
) [2] [3]
(./HurstMScThesis.toc
LaTeX Font Info:    External font `lmex10' loaded for size
(Font)              <12> on input line 5.
 [4])
\tf@toc=\write5
\openout5 = `HurstMScThesis.toc'.

 [5] [6]
<Figures/sidewalls.png, id=47, 881.2925pt x 378.41376pt>
File: Figures/sidewalls.png Graphic file (type png)

<use Figures/sidewalls.png>
Package pdftex.def Info: Figures/sidewalls.png used on input line 71.
(pdftex.def)             Requested size: 426.79431pt x 183.25906pt.
 [7]
<Figures/convect.png, id=53, 745.78625pt x 400.49625pt>
File: Figures/convect.png Graphic file (type png)

<use Figures/convect.png>
Package pdftex.def Info: Figures/convect.png used on input line 77.
(pdftex.def)             Requested size: 298.75302pt x 160.43399pt.
 [8 <./Figures/sidewalls.png>] [9 <./Figures/convect.png>] <Figures/wedgetank.p
ng, id=62, 1207.51125pt x 523.9575pt>
File: Figures/wedgetank.png Graphic file (type png)

<use Figures/wedgetank.png>
Package pdftex.def Info: Figures/wedgetank.png used on input line 89.
(pdftex.def)             Requested size: 426.78091pt x 185.18672pt.

<Figures/slopeconvect.png, id=63, 757.83125pt x 298.11375pt>
File: Figures/slopeconvect.png Graphic file (type png)

<use Figures/slopeconvect.png>
Package pdftex.def Info: Figures/slopeconvect.png used on input line 93.
(pdftex.def)             Requested size: 213.3939pt x 83.94435pt.

<Figures/pressureforce.png, id=64, 1040.88875pt x 369.38pt>
File: Figures/pressureforce.png Graphic file (type png)

<use Figures/pressureforce.png>
Package pdftex.def Info: Figures/pressureforce.png used on input line 97.
(pdftex.def)             Requested size: 298.75288pt x 106.01837pt.
 [10 <./Figures/wedgetank.png> <./Figures/slopeconvect.png>] <Figures/zeronetfo
rce.png, id=70, 1050.92625pt x 549.05125pt>
File: Figures/zeronetforce.png Graphic file (type png)

<use Figures/zeronetforce.png>
Package pdftex.def Info: Figures/zeronetforce.png used on input line 101.
(pdftex.def)             Requested size: 341.43474pt x 178.38089pt.
 [11 <./Figures/pressureforce.png> <./Figures/zeronetforce.png>] [12] [13]
<Figures/wedge_geometry.png, id=83, 991.705pt x 406.51875pt>
File: Figures/wedge_geometry.png Graphic file (type png)

<use Figures/wedge_geometry.png>
Package pdftex.def Info: Figures/wedge_geometry.png used on input line 137.
(pdftex.def)             Requested size: 341.42738pt x 139.95757pt.
LaTeX Font Info:    Try loading font information for OT1+lmtt on input line 141
.

(/usr/local/texlive/2017/texmf-dist/tex/latex/lm/ot1lmtt.fd
File: ot1lmtt.fd 2009/10/30 v1.6 Font defs for Latin Modern
)
<Figures/wedge_in_tank.png, id=84, 1012.78375pt x 487.8225pt>
File: Figures/wedge_in_tank.png Graphic file (type png)

<use Figures/wedge_in_tank.png>
Package pdftex.def Info: Figures/wedge_in_tank.png used on input line 143.
(pdftex.def)             Requested size: 426.78802pt x 205.56885pt.
 [14 <./Figures/wedge_geometry.png>] [15 <./Figures/wedge_in_tank.png>] [16] [1
7] [18] [19] [20] [21] [22] [23] [24] [25]
[26] [27] [28]
LaTeX Font Info:    Try loading font information for OT1+lmss on input line 507
.
 (/usr/local/texlive/2017/texmf-dist/tex/latex/lm/ot1lmss.fd
File: ot1lmss.fd 2009/10/30 v1.6 Font defs for Latin Modern
)
[29]
Package epstopdf Info: Source file: <FinalCode/01_initialexamination/Results/ve
l_-6/mesh.eps>
(epstopdf)                    date: 2018-08-08 17:11:45
(epstopdf)                    size: 272970 bytes
(epstopdf)             Output file: <FinalCode/01_initialexamination/Results/ve
l_-6/mesh-eps-converted-to.pdf>
(epstopdf)                    date: 2018-08-14 13:36:19
(epstopdf)                    size: 69367 bytes
(epstopdf)             Command: <repstopdf --outfile=FinalCode/01_initialexamin
ation/Results/vel_-6/mesh-eps-converted-to.pdf FinalCode/01_initialexamination/
Results/vel_-6/mesh.eps>
(epstopdf)             \includegraphics on input line 519.
Package epstopdf Info: Output file is already uptodate.

<FinalCode/01_initialexamination/Results/vel_-6/mesh-eps-converted-to.pdf, id=1
45, 598.235pt x 422.57875pt>
File: FinalCode/01_initialexamination/Results/vel_-6/mesh-eps-converted-to.pdf 
Graphic file (type pdf)

<use FinalCode/01_initialexamination/Results/vel_-6/mesh-eps-converted-to.pdf>
Package pdftex.def Info: FinalCode/01_initialexamination/Results/vel_-6/mesh-ep
s-converted-to.pdf used on input line 519.
(pdftex.def)             Requested size: 426.79456pt x 301.47736pt.
Package epstopdf Info: Source file: <FinalCode/01_initialexamination/Results/ve
l_-6/meshzoom.eps>
(epstopdf)                    date: 2018-08-08 17:11:45
(epstopdf)                    size: 290420 bytes
(epstopdf)             Output file: <FinalCode/01_initialexamination/Results/ve
l_-6/meshzoom-eps-converted-to.pdf>
(epstopdf)                    date: 2018-08-14 13:36:38
(epstopdf)                    size: 45302 bytes
(epstopdf)             Command: <repstopdf --outfile=FinalCode/01_initialexamin
ation/Results/vel_-6/meshzoom-eps-converted-to.pdf FinalCode/01_initialexaminat
ion/Results/vel_-6/meshzoom.eps>
(epstopdf)             \includegraphics on input line 521.
Package epstopdf Info: Output file is already uptodate.

<FinalCode/01_initialexamination/Results/vel_-6/meshzoom-eps-converted-to.pdf, 
id=146, 598.235pt x 422.57875pt>
File: FinalCode/01_initialexamination/Results/vel_-6/meshzoom-eps-converted-to.
pdf Graphic file (type pdf)

<use FinalCode/01_initialexamination/Results/vel_-6/meshzoom-eps-converted-to.p
df>
Package pdftex.def Info: FinalCode/01_initialexamination/Results/vel_-6/meshzoo
m-eps-converted-to.pdf used on input line 521.
(pdftex.def)             Requested size: 426.79456pt x 301.47736pt.
 [30 <./FinalCode/01_initialexamination/Results/vel_-6/mesh-eps-converted-to.pd
f> <./FinalCode/01_initialexamination/Results/vel_-6/meshzoom-eps-converted-to.
pdf>] [31] [32] [33] [34] [35] [36]
Package epstopdf Info: Source file: <FinalCode/01_initialexamination/Results/ve
l_-6/vel.eps>
(epstopdf)                    date: 2018-08-08 17:18:13
(epstopdf)                    size: 2531495 bytes
(epstopdf)             Output file: <FinalCode/01_initialexamination/Results/ve
l_-6/vel-eps-converted-to.pdf>
(epstopdf)                    date: 2018-08-14 13:37:34
(epstopdf)                    size: 462646 bytes
(epstopdf)             Command: <repstopdf --outfile=FinalCode/01_initialexamin
ation/Results/vel_-6/vel-eps-converted-to.pdf FinalCode/01_initialexamination/R
esults/vel_-6/vel.eps>
(epstopdf)             \includegraphics on input line 701.
Package epstopdf Info: Output file is already uptodate.

<FinalCode/01_initialexamination/Results/vel_-6/vel-eps-converted-to.pdf, id=17
3, 598.235pt x 422.57875pt>
File: FinalCode/01_initialexamination/Results/vel_-6/vel-eps-converted-to.pdf G
raphic file (type pdf)

<use FinalCode/01_initialexamination/Results/vel_-6/vel-eps-converted-to.pdf>
Package pdftex.def Info: FinalCode/01_initialexamination/Results/vel_-6/vel-eps
-converted-to.pdf used on input line 701.
(pdftex.def)             Requested size: 426.79456pt x 301.47736pt.
Package epstopdf Info: Source file: <FinalCode/01_initialexamination/Results/ve
l_-6/velzoom.eps>
(epstopdf)                    date: 2018-08-08 17:18:13
(epstopdf)                    size: 5753003 bytes
(epstopdf)             Output file: <FinalCode/01_initialexamination/Results/ve
l_-6/velzoom-eps-converted-to.pdf>
(epstopdf)                    date: 2018-08-14 13:37:51
(epstopdf)                    size: 448201 bytes
(epstopdf)             Command: <repstopdf --outfile=FinalCode/01_initialexamin
ation/Results/vel_-6/velzoom-eps-converted-to.pdf FinalCode/01_initialexaminati
on/Results/vel_-6/velzoom.eps>
(epstopdf)             \includegraphics on input line 705.
Package epstopdf Info: Output file is already uptodate.

<FinalCode/01_initialexamination/Results/vel_-6/velzoom-eps-converted-to.pdf, i
d=174, 598.235pt x 422.57875pt>
File: FinalCode/01_initialexamination/Results/vel_-6/velzoom-eps-converted-to.p
df Graphic file (type pdf)

<use FinalCode/01_initialexamination/Results/vel_-6/velzoom-eps-converted-to.pd
f>
Package pdftex.def Info: FinalCode/01_initialexamination/Results/vel_-6/velzoom
-eps-converted-to.pdf used on input line 705.
(pdftex.def)             Requested size: 426.79456pt x 301.47736pt.
 [37 <./FinalCode/01_initialexamination/Results/vel_-6/vel-eps-converted-to.pdf
>]
Package epstopdf Info: Source file: <FinalCode/01_initialexamination/Results/ve
l_-7/vel.eps>
(epstopdf)                    date: 2018-08-08 17:19:43
(epstopdf)                    size: 2613563 bytes
(epstopdf)             Output file: <FinalCode/01_initialexamination/Results/ve
l_-7/vel-eps-converted-to.pdf>
(epstopdf)                    date: 2018-08-28 03:14:52
(epstopdf)                    size: 472685 bytes
(epstopdf)             Command: <repstopdf --outfile=FinalCode/01_initialexamin
ation/Results/vel_-7/vel-eps-converted-to.pdf FinalCode/01_initialexamination/R
esults/vel_-7/vel.eps>
(epstopdf)             \includegraphics on input line 713.
Package epstopdf Info: Output file is already uptodate.

<FinalCode/01_initialexamination/Results/vel_-7/vel-eps-converted-to.pdf, id=18
1, 598.235pt x 422.57875pt>
File: FinalCode/01_initialexamination/Results/vel_-7/vel-eps-converted-to.pdf G
raphic file (type pdf)

<use FinalCode/01_initialexamination/Results/vel_-7/vel-eps-converted-to.pdf>
Package pdftex.def Info: FinalCode/01_initialexamination/Results/vel_-7/vel-eps
-converted-to.pdf used on input line 713.
(pdftex.def)             Requested size: 426.79456pt x 301.47736pt.

[38 <./FinalCode/01_initialexamination/Results/vel_-6/velzoom-eps-converted-to.
pdf>]
Package epstopdf Info: Source file: <FinalCode/01_initialexamination/Results/ve
l_-7/velzoom.eps>
(epstopdf)                    date: 2018-08-08 17:19:43
(epstopdf)                    size: 3143786 bytes
(epstopdf)             Output file: <FinalCode/01_initialexamination/Results/ve
l_-7/velzoom-eps-converted-to.pdf>
(epstopdf)                    date: 2018-08-14 13:39:26
(epstopdf)                    size: 355244 bytes
(epstopdf)             Command: <repstopdf --outfile=FinalCode/01_initialexamin
ation/Results/vel_-7/velzoom-eps-converted-to.pdf FinalCode/01_initialexaminati
on/Results/vel_-7/velzoom.eps>
(epstopdf)             \includegraphics on input line 717.
Package epstopdf Info: Output file is already uptodate.

<FinalCode/01_initialexamination/Results/vel_-7/velzoom-eps-converted-to.pdf, i
d=191, 598.235pt x 422.57875pt>
File: FinalCode/01_initialexamination/Results/vel_-7/velzoom-eps-converted-to.p
df Graphic file (type pdf)

<use FinalCode/01_initialexamination/Results/vel_-7/velzoom-eps-converted-to.pd
f>
Package pdftex.def Info: FinalCode/01_initialexamination/Results/vel_-7/velzoom
-eps-converted-to.pdf used on input line 717.
(pdftex.def)             Requested size: 426.79456pt x 301.47736pt.
Package epstopdf Info: Source file: <FinalCode/01_initialexamination/Results/ve
l_-8/vel.eps>
(epstopdf)                    date: 2018-08-08 17:20:07
(epstopdf)                    size: 2692373 bytes
(epstopdf)             Output file: <FinalCode/01_initialexamination/Results/ve
l_-8/vel-eps-converted-to.pdf>
(epstopdf)                    date: 2018-08-14 13:40:11
(epstopdf)                    size: 481852 bytes
(epstopdf)             Command: <repstopdf --outfile=FinalCode/01_initialexamin
ation/Results/vel_-8/vel-eps-converted-to.pdf FinalCode/01_initialexamination/R
esults/vel_-8/vel.eps>
(epstopdf)             \includegraphics on input line 725.
Package epstopdf Info: Output file is already uptodate.

<FinalCode/01_initialexamination/Results/vel_-8/vel-eps-converted-to.pdf, id=19
2, 598.235pt x 422.57875pt>
File: FinalCode/01_initialexamination/Results/vel_-8/vel-eps-converted-to.pdf G
raphic file (type pdf)

<use FinalCode/01_initialexamination/Results/vel_-8/vel-eps-converted-to.pdf>
Package pdftex.def Info: FinalCode/01_initialexamination/Results/vel_-8/vel-eps
-converted-to.pdf used on input line 725.
(pdftex.def)             Requested size: 426.79456pt x 301.47736pt.

[39 <./FinalCode/01_initialexamination/Results/vel_-7/vel-eps-converted-to.pdf>
 <./FinalCode/01_initialexamination/Results/vel_-7/velzoom-eps-converted-to.pdf
>]
Package epstopdf Info: Source file: <Figures/stationary_speed_vs_strat2.eps>
(epstopdf)                    date: 2018-09-10 14:26:02
(epstopdf)                    size: 92123 bytes
(epstopdf)             Output file: <Figures/stationary_speed_vs_strat2-eps-con
verted-to.pdf>
(epstopdf)                    date: 2018-09-11 11:23:42
(epstopdf)                    size: 36394 bytes
(epstopdf)             Command: <repstopdf --outfile=Figures/stationary_speed_v
s_strat2-eps-converted-to.pdf Figures/stationary_speed_vs_strat2.eps>
(epstopdf)             \includegraphics on input line 740.
Package epstopdf Info: Output file is already uptodate.

<Figures/stationary_speed_vs_strat2-eps-converted-to.pdf, id=203, 903.375pt x 6
02.25pt>
File: Figures/stationary_speed_vs_strat2-eps-converted-to.pdf Graphic file (typ
e pdf)
 <use Figures/stationary_speed_vs_strat2-eps-converted-to.pdf>
Package pdftex.def Info: Figures/stationary_speed_vs_strat2-eps-converted-to.pd
f used on input line 740.
(pdftex.def)             Requested size: 384.11539pt x 256.07692pt.
 [40 <./FinalCode/01_initialexamination/Results/vel_-8/vel-eps-converted-to.pdf
>]
[41 <./Figures/stationary_speed_vs_strat2-eps-converted-to.pdf>]
Package epstopdf Info: Source file: <Figures/mesh_refinement.eps>
(epstopdf)                    date: 2018-08-28 05:45:29
(epstopdf)                    size: 79538 bytes
(epstopdf)             Output file: <Figures/mesh_refinement-eps-converted-to.p
df>
(epstopdf)                    date: 2018-09-11 11:23:42
(epstopdf)                    size: 33365 bytes
(epstopdf)             Command: <repstopdf --outfile=Figures/mesh_refinement-ep
s-converted-to.pdf Figures/mesh_refinement.eps>
(epstopdf)             \includegraphics on input line 758.
Package epstopdf Info: Output file is already uptodate.

<Figures/mesh_refinement-eps-converted-to.pdf, id=217, 691.58376pt x 456.70625p
t>
File: Figures/mesh_refinement-eps-converted-to.pdf Graphic file (type pdf)
 <use Figures/mesh_refinement-eps-converted-to.pdf>
Package pdftex.def Info: Figures/mesh_refinement-eps-converted-to.pdf used on i
nput line 758.
(pdftex.def)             Requested size: 298.75761pt x 197.29276pt.
 [42 <./Figures/mesh_refinement-eps-converted-to.pdf>]
Package epstopdf Info: Source file: <Figures/domain_size.eps>
(epstopdf)                    date: 2018-08-28 05:56:14
(epstopdf)                    size: 115091 bytes
(epstopdf)             Output file: <Figures/domain_size-eps-converted-to.pdf>
(epstopdf)                    date: 2018-09-11 11:23:43
(epstopdf)                    size: 45352 bytes
(epstopdf)             Command: <repstopdf --outfile=Figures/domain_size-eps-co
nverted-to.pdf Figures/domain_size.eps>
(epstopdf)             \includegraphics on input line 768.
Package epstopdf Info: Output file is already uptodate.

<Figures/domain_size-eps-converted-to.pdf, id=226, 765.86125pt x 480.79625pt>
File: Figures/domain_size-eps-converted-to.pdf Graphic file (type pdf)

<use Figures/domain_size-eps-converted-to.pdf>
Package pdftex.def Info: Figures/domain_size-eps-converted-to.pdf used on input
 line 768.
(pdftex.def)             Requested size: 298.75479pt x 187.55379pt.
 [43 <./Figures/domain_size-eps-converted-to.pdf>] [44]
Package epstopdf Info: Source file: <ServerCode/06_speed_vs_strat_sc1000/Result
s/Strat5e2/force_convergence.eps>
(epstopdf)                    date: 2018-09-10 14:41:38
(epstopdf)                    size: 197056 bytes
(epstopdf)             Output file: <ServerCode/06_speed_vs_strat_sc1000/Result
s/Strat5e2/force_convergence-eps-converted-to.pdf>
(epstopdf)                    date: 2018-09-10 14:47:23
(epstopdf)                    size: 75236 bytes
(epstopdf)             Command: <repstopdf --outfile=ServerCode/06_speed_vs_str
at_sc1000/Results/Strat5e2/force_convergence-eps-converted-to.pdf ServerCode/06
_speed_vs_strat_sc1000/Results/Strat5e2/force_convergence.eps>
(epstopdf)             \includegraphics on input line 786.
Package epstopdf Info: Output file is already uptodate.

<ServerCode/06_speed_vs_strat_sc1000/Results/Strat5e2/force_convergence-eps-con
verted-to.pdf, id=239, 776.9025pt x 564.1075pt>
File: ServerCode/06_speed_vs_strat_sc1000/Results/Strat5e2/force_convergence-ep
s-converted-to.pdf Graphic file (type pdf)

<use ServerCode/06_speed_vs_strat_sc1000/Results/Strat5e2/force_convergence-eps
-converted-to.pdf>
Package pdftex.def Info: ServerCode/06_speed_vs_strat_sc1000/Results/Strat5e2/f
orce_convergence-eps-converted-to.pdf used on input line 786.
(pdftex.def)             Requested size: 277.42046pt x 201.4345pt.
Package epstopdf Info: Source file: <ServerCode/06_speed_vs_strat_sc1000/Result
s/Strat5e2/finding_zero.eps>
(epstopdf)                    date: 2018-09-10 14:41:38
(epstopdf)                    size: 60216 bytes
(epstopdf)             Output file: <ServerCode/06_speed_vs_strat_sc1000/Result
s/Strat5e2/finding_zero-eps-converted-to.pdf>
(epstopdf)                    date: 2018-09-10 14:47:23
(epstopdf)                    size: 27633 bytes
(epstopdf)             Command: <repstopdf --outfile=ServerCode/06_speed_vs_str
at_sc1000/Results/Strat5e2/finding_zero-eps-converted-to.pdf ServerCode/06_spee
d_vs_strat_sc1000/Results/Strat5e2/finding_zero.eps>
(epstopdf)             \includegraphics on input line 792.
Package epstopdf Info: Output file is already uptodate.

<ServerCode/06_speed_vs_strat_sc1000/Results/Strat5e2/finding_zero-eps-converte
d-to.pdf, id=240, 768.8725pt x 567.11874pt>
File: ServerCode/06_speed_vs_strat_sc1000/Results/Strat5e2/finding_zero-eps-con
verted-to.pdf Graphic file (type pdf)

<use ServerCode/06_speed_vs_strat_sc1000/Results/Strat5e2/finding_zero-eps-conv
erted-to.pdf>
Package pdftex.def Info: ServerCode/06_speed_vs_strat_sc1000/Results/Strat5e2/f
inding_zero-eps-converted-to.pdf used on input line 792.
(pdftex.def)             Requested size: 277.41568pt x 204.62122pt.
 [45 <./ServerCode/06_speed_vs_strat_sc1000/Results/Strat5e2/force_convergence-
eps-converted-to.pdf> <./ServerCode/06_speed_vs_strat_sc1000/Results/Strat5e2/f
inding_zero-eps-converted-to.pdf>]
Package epstopdf Info: Source file: <ServerCode/06_speed_vs_strat_sc1000/Result
s/Strat5e2/vel.eps>
(epstopdf)                    date: 2018-08-26 15:00:38
(epstopdf)                    size: 4569109 bytes
(epstopdf)             Output file: <ServerCode/06_speed_vs_strat_sc1000/Result
s/Strat5e2/vel-eps-converted-to.pdf>
(epstopdf)                    date: 2018-08-28 05:25:35
(epstopdf)                    size: 657592 bytes
(epstopdf)             Command: <repstopdf --outfile=ServerCode/06_speed_vs_str
at_sc1000/Results/Strat5e2/vel-eps-converted-to.pdf ServerCode/06_speed_vs_stra
t_sc1000/Results/Strat5e2/vel.eps>
(epstopdf)             \includegraphics on input line 798.
Package epstopdf Info: Output file is already uptodate.

<ServerCode/06_speed_vs_strat_sc1000/Results/Strat5e2/vel-eps-converted-to.pdf,
 id=254, 598.235pt x 422.57875pt>
File: ServerCode/06_speed_vs_strat_sc1000/Results/Strat5e2/vel-eps-converted-to
.pdf Graphic file (type pdf)

<use ServerCode/06_speed_vs_strat_sc1000/Results/Strat5e2/vel-eps-converted-to.
pdf>
Package pdftex.def Info: ServerCode/06_speed_vs_strat_sc1000/Results/Strat5e2/v
el-eps-converted-to.pdf used on input line 798.
(pdftex.def)             Requested size: 426.79456pt x 301.47736pt.
Package epstopdf Info: Source file: <ServerCode/06_speed_vs_strat_sc1000/Result
s/Strat5e2/velzoom.eps>
(epstopdf)                    date: 2018-08-26 15:00:27
(epstopdf)                    size: 5059658 bytes
(epstopdf)             Output file: <ServerCode/06_speed_vs_strat_sc1000/Result
s/Strat5e2/velzoom-eps-converted-to.pdf>
(epstopdf)                    date: 2018-08-28 05:25:36
(epstopdf)                    size: 537043 bytes
(epstopdf)             Command: <repstopdf --outfile=ServerCode/06_speed_vs_str
at_sc1000/Results/Strat5e2/velzoom-eps-converted-to.pdf ServerCode/06_speed_vs_
strat_sc1000/Results/Strat5e2/velzoom.eps>
(epstopdf)             \includegraphics on input line 802.
Package epstopdf Info: Output file is already uptodate.

<ServerCode/06_speed_vs_strat_sc1000/Results/Strat5e2/velzoom-eps-converted-to.
pdf, id=255, 598.235pt x 422.57875pt>
File: ServerCode/06_speed_vs_strat_sc1000/Results/Strat5e2/velzoom-eps-converte
d-to.pdf Graphic file (type pdf)

<use ServerCode/06_speed_vs_strat_sc1000/Results/Strat5e2/velzoom-eps-converted
-to.pdf>
Package pdftex.def Info: ServerCode/06_speed_vs_strat_sc1000/Results/Strat5e2/v
elzoom-eps-converted-to.pdf used on input line 802.
(pdftex.def)             Requested size: 384.11053pt x 271.3264pt.
 [46 <./ServerCode/06_speed_vs_strat_sc1000/Results/Strat5e2/vel-eps-converted-
to.pdf>]
Overfull \hbox (6.47223pt too wide) in paragraph at lines 804--805
[]\OT1/lmr/m/n/12 Now, the ef-fect of the wedge is more clear. These speed val-
ues are non-dimensional.
 []

[47 <./ServerCode/06_speed_vs_strat_sc1000/Results/Strat5e2/velzoom-eps-convert
ed-to.pdf>]
Package epstopdf Info: Source file: <ServerCode/06_speed_vs_strat_sc1000/Result
s/Strat5e2/rho_slope.eps>
(epstopdf)                    date: 2018-09-10 14:41:41
(epstopdf)                    size: 68981 bytes
(epstopdf)             Output file: <ServerCode/06_speed_vs_strat_sc1000/Result
s/Strat5e2/rho_slope-eps-converted-to.pdf>
(epstopdf)                    date: 2018-09-10 14:47:24
(epstopdf)                    size: 31197 bytes
(epstopdf)             Command: <repstopdf --outfile=ServerCode/06_speed_vs_str
at_sc1000/Results/Strat5e2/rho_slope-eps-converted-to.pdf ServerCode/06_speed_v
s_strat_sc1000/Results/Strat5e2/rho_slope.eps>
(epstopdf)             \includegraphics on input line 808.
Package epstopdf Info: Output file is already uptodate.

<ServerCode/06_speed_vs_strat_sc1000/Results/Strat5e2/rho_slope-eps-converted-t
o.pdf, id=269, 776.9025pt x 561.09625pt>
File: ServerCode/06_speed_vs_strat_sc1000/Results/Strat5e2/rho_slope-eps-conver
ted-to.pdf Graphic file (type pdf)

<use ServerCode/06_speed_vs_strat_sc1000/Results/Strat5e2/rho_slope-eps-convert
ed-to.pdf>
Package pdftex.def Info: ServerCode/06_speed_vs_strat_sc1000/Results/Strat5e2/r
ho_slope-eps-converted-to.pdf used on input line 808.
(pdftex.def)             Requested size: 298.75867pt x 215.77016pt.
Package epstopdf Info: Source file: <ServerCode/06_speed_vs_strat_sc1000/Result
s/Strat5e2/pressure_slope.eps>
(epstopdf)                    date: 2018-09-10 14:41:40
(epstopdf)                    size: 73207 bytes
(epstopdf)             Output file: <ServerCode/06_speed_vs_strat_sc1000/Result
s/Strat5e2/pressure_slope-eps-converted-to.pdf>
(epstopdf)                    date: 2018-09-10 14:47:24
(epstopdf)                    size: 32561 bytes
(epstopdf)             Command: <repstopdf --outfile=ServerCode/06_speed_vs_str
at_sc1000/Results/Strat5e2/pressure_slope-eps-converted-to.pdf ServerCode/06_sp
eed_vs_strat_sc1000/Results/Strat5e2/pressure_slope.eps>
(epstopdf)             \includegraphics on input line 814.
Package epstopdf Info: Output file is already uptodate.

<ServerCode/06_speed_vs_strat_sc1000/Results/Strat5e2/pressure_slope-eps-conver
ted-to.pdf, id=270, 786.94pt x 561.09625pt>
File: ServerCode/06_speed_vs_strat_sc1000/Results/Strat5e2/pressure_slope-eps-c
onverted-to.pdf Graphic file (type pdf)

<use ServerCode/06_speed_vs_strat_sc1000/Results/Strat5e2/pressure_slope-eps-co
nverted-to.pdf>
Package pdftex.def Info: ServerCode/06_speed_vs_strat_sc1000/Results/Strat5e2/p
ressure_slope-eps-converted-to.pdf used on input line 814.
(pdftex.def)             Requested size: 298.75212pt x 213.0133pt.
 [48 <./ServerCode/06_speed_vs_strat_sc1000/Results/Strat5e2/rho_slope-eps-conv
erted-to.pdf> <./ServerCode/06_speed_vs_strat_sc1000/Results/Strat5e2/pressure_
slope-eps-converted-to.pdf>]
Package epstopdf Info: Source file: <ServerCode/06_speed_vs_strat_sc1000/Result
s/Strat5e2/pressure_back.eps>
(epstopdf)                    date: 2018-09-10 14:41:42
(epstopdf)                    size: 66504 bytes
(epstopdf)             Output file: <ServerCode/06_speed_vs_strat_sc1000/Result
s/Strat5e2/pressure_back-eps-converted-to.pdf>
(epstopdf)                    date: 2018-09-10 14:47:25
(epstopdf)                    size: 28919 bytes
(epstopdf)             Command: <repstopdf --outfile=ServerCode/06_speed_vs_str
at_sc1000/Results/Strat5e2/pressure_back-eps-converted-to.pdf ServerCode/06_spe
ed_vs_strat_sc1000/Results/Strat5e2/pressure_back.eps>
(epstopdf)             \includegraphics on input line 818.
Package epstopdf Info: Output file is already uptodate.

<ServerCode/06_speed_vs_strat_sc1000/Results/Strat5e2/pressure_back-eps-convert
ed-to.pdf, id=284, 800.9925pt x 561.09625pt>
File: ServerCode/06_speed_vs_strat_sc1000/Results/Strat5e2/pressure_back-eps-co
nverted-to.pdf Graphic file (type pdf)

<use ServerCode/06_speed_vs_strat_sc1000/Results/Strat5e2/pressure_back-eps-con
verted-to.pdf>
Package pdftex.def Info: ServerCode/06_speed_vs_strat_sc1000/Results/Strat5e2/p
ressure_back-eps-converted-to.pdf used on input line 818.
(pdftex.def)             Requested size: 290.21484pt x 203.29585pt.
Package epstopdf Info: Source file: <ServerCode/06_speed_vs_strat_sc1000/Result
s/Strat5e2/visc_slope.eps>
(epstopdf)                    date: 2018-09-10 14:41:39
(epstopdf)                    size: 93675 bytes
(epstopdf)             Output file: <ServerCode/06_speed_vs_strat_sc1000/Result
s/Strat5e2/visc_slope-eps-converted-to.pdf>
(epstopdf)                    date: 2018-09-10 14:47:25
(epstopdf)                    size: 41856 bytes
(epstopdf)             Command: <repstopdf --outfile=ServerCode/06_speed_vs_str
at_sc1000/Results/Strat5e2/visc_slope-eps-converted-to.pdf ServerCode/06_speed_
vs_strat_sc1000/Results/Strat5e2/visc_slope.eps>
(epstopdf)             \includegraphics on input line 824.
Package epstopdf Info: Output file is already uptodate.

<ServerCode/06_speed_vs_strat_sc1000/Results/Strat5e2/visc_slope-eps-converted-
to.pdf, id=285, 762.85pt x 561.09625pt>
File: ServerCode/06_speed_vs_strat_sc1000/Results/Strat5e2/visc_slope-eps-conve
rted-to.pdf Graphic file (type pdf)

<use ServerCode/06_speed_vs_strat_sc1000/Results/Strat5e2/visc_slope-eps-conver
ted-to.pdf>
Package pdftex.def Info: ServerCode/06_speed_vs_strat_sc1000/Results/Strat5e2/v
isc_slope-eps-converted-to.pdf used on input line 824.
(pdftex.def)             Requested size: 290.21193pt x 213.45851pt.
 [49 <./ServerCode/06_speed_vs_strat_sc1000/Results/Strat5e2/pressure_back-eps-
converted-to.pdf> <./ServerCode/06_speed_vs_strat_sc1000/Results/Strat5e2/visc_
slope-eps-converted-to.pdf>]
Package epstopdf Info: Source file: <ServerCode/05_speed_vs_strat_sc1/Results/s
peed_vs_strat_dim.eps>
(epstopdf)                    date: 2018-09-10 14:27:57
(epstopdf)                    size: 93451 bytes
(epstopdf)             Output file: <ServerCode/05_speed_vs_strat_sc1/Results/s
peed_vs_strat_dim-eps-converted-to.pdf>
(epstopdf)                    date: 2018-09-10 14:28:59
(epstopdf)                    size: 36599 bytes
(epstopdf)             Command: <repstopdf --outfile=ServerCode/05_speed_vs_str
at_sc1/Results/speed_vs_strat_dim-eps-converted-to.pdf ServerCode/05_speed_vs_s
trat_sc1/Results/speed_vs_strat_dim.eps>
(epstopdf)             \includegraphics on input line 838.
Package epstopdf Info: Output file is already uptodate.

<ServerCode/05_speed_vs_strat_sc1/Results/speed_vs_strat_dim-eps-converted-to.p
df, id=300, 779.91376pt x 572.1375pt>
File: ServerCode/05_speed_vs_strat_sc1/Results/speed_vs_strat_dim-eps-converted
-to.pdf Graphic file (type pdf)

<use ServerCode/05_speed_vs_strat_sc1/Results/speed_vs_strat_dim-eps-converted-
to.pdf>
Package pdftex.def Info: ServerCode/05_speed_vs_strat_sc1/Results/speed_vs_stra
t_dim-eps-converted-to.pdf used on input line 838.
(pdftex.def)             Requested size: 298.75041pt x 219.16052pt.
 [50 <./ServerCode/05_speed_vs_strat_sc1/Results/speed_vs_strat_dim-eps-convert
ed-to.pdf>]
Package epstopdf Info: Source file: <ServerCode/10_speed_vs_strat_sc100/Results
/speed_vs_strat_dim.eps>
(epstopdf)                    date: 2018-09-10 14:31:11
(epstopdf)                    size: 100848 bytes
(epstopdf)             Output file: <ServerCode/10_speed_vs_strat_sc100/Results
/speed_vs_strat_dim-eps-converted-to.pdf>
(epstopdf)                    date: 2018-09-10 14:37:00
(epstopdf)                    size: 37914 bytes
(epstopdf)             Command: <repstopdf --outfile=ServerCode/10_speed_vs_str
at_sc100/Results/speed_vs_strat_dim-eps-converted-to.pdf ServerCode/10_speed_vs
_strat_sc100/Results/speed_vs_strat_dim.eps>
(epstopdf)             \includegraphics on input line 848.
Package epstopdf Info: Output file is already uptodate.

<ServerCode/10_speed_vs_strat_sc100/Results/speed_vs_strat_dim-eps-converted-to
.pdf, id=309, 781.92125pt x 572.1375pt>
File: ServerCode/10_speed_vs_strat_sc100/Results/speed_vs_strat_dim-eps-convert
ed-to.pdf Graphic file (type pdf)

<use ServerCode/10_speed_vs_strat_sc100/Results/speed_vs_strat_dim-eps-converte
d-to.pdf>
Package pdftex.def Info: ServerCode/10_speed_vs_strat_sc100/Results/speed_vs_st
rat_dim-eps-converted-to.pdf used on input line 848.
(pdftex.def)             Requested size: 298.7558pt x 218.60179pt.
Package epstopdf Info: Source file: <ServerCode/06_speed_vs_strat_sc1000/Result
s/speed_vs_strat_dim2.eps>
(epstopdf)                    date: 2018-09-10 14:41:57
(epstopdf)                    size: 101812 bytes
(epstopdf)             Output file: <ServerCode/06_speed_vs_strat_sc1000/Result
s/speed_vs_strat_dim2-eps-converted-to.pdf>
(epstopdf)                    date: 2018-09-10 14:47:26
(epstopdf)                    size: 38350 bytes
(epstopdf)             Command: <repstopdf --outfile=ServerCode/06_speed_vs_str
at_sc1000/Results/speed_vs_strat_dim2-eps-converted-to.pdf ServerCode/06_speed_
vs_strat_sc1000/Results/speed_vs_strat_dim2.eps>
(epstopdf)             \includegraphics on input line 858.
Package epstopdf Info: Output file is already uptodate.

<ServerCode/06_speed_vs_strat_sc1000/Results/speed_vs_strat_dim2-eps-converted-
to.pdf, id=310, 781.92125pt x 572.1375pt>
File: ServerCode/06_speed_vs_strat_sc1000/Results/speed_vs_strat_dim2-eps-conve
rted-to.pdf Graphic file (type pdf)

<use ServerCode/06_speed_vs_strat_sc1000/Results/speed_vs_strat_dim2-eps-conver
ted-to.pdf>
Package pdftex.def Info: ServerCode/06_speed_vs_strat_sc1000/Results/speed_vs_s
trat_dim2-eps-converted-to.pdf used on input line 858.
(pdftex.def)             Requested size: 298.7558pt x 218.60179pt.
 [51 <./ServerCode/10_speed_vs_strat_sc100/Results/speed_vs_strat_dim-eps-conve
rted-to.pdf>] [52 <./ServerCode/06_speed_vs_strat_sc1000/Results/speed_vs_strat
_dim2-eps-converted-to.pdf>]
Package epstopdf Info: Source file: <ServerCode/09_speed_vs_alpha/Results/speed
_vs_alpha_nondim2.eps>
(epstopdf)                    date: 2018-09-10 14:51:13
(epstopdf)                    size: 96147 bytes
(epstopdf)             Output file: <ServerCode/09_speed_vs_alpha/Results/speed
_vs_alpha_nondim2-eps-converted-to.pdf>
(epstopdf)                    date: 2018-09-10 14:51:36
(epstopdf)                    size: 41954 bytes
(epstopdf)             Command: <repstopdf --outfile=ServerCode/09_speed_vs_alp
ha/Results/speed_vs_alpha_nondim2-eps-converted-to.pdf ServerCode/09_speed_vs_a
lpha/Results/speed_vs_alpha_nondim2.eps>
(epstopdf)             \includegraphics on input line 879.
Package epstopdf Info: Output file is already uptodate.

<ServerCode/09_speed_vs_alpha/Results/speed_vs_alpha_nondim2-eps-converted-to.p
df, id=327, 775.89874pt x 565.11125pt>
File: ServerCode/09_speed_vs_alpha/Results/speed_vs_alpha_nondim2-eps-converted
-to.pdf Graphic file (type pdf)

<use ServerCode/09_speed_vs_alpha/Results/speed_vs_alpha_nondim2-eps-converted-
to.pdf>
Package pdftex.def Info: ServerCode/09_speed_vs_alpha/Results/speed_vs_alpha_no
ndim2-eps-converted-to.pdf used on input line 879.
(pdftex.def)             Requested size: 298.75154pt x 217.59006pt.
 [53 <./ServerCode/09_speed_vs_alpha/Results/speed_vs_alpha_nondim2-eps-convert
ed-to.pdf>]
Package epstopdf Info: Source file: <ServerCode/07_speed_vs_sc_strat1/Results/s
peed_vs_sc_nondim2.eps>
(epstopdf)                    date: 2018-09-10 14:44:22
(epstopdf)                    size: 116331 bytes
(epstopdf)             Output file: <ServerCode/07_speed_vs_sc_strat1/Results/s
peed_vs_sc_nondim2-eps-converted-to.pdf>
(epstopdf)                    date: 2018-09-10 14:47:26
(epstopdf)                    size: 50340 bytes
(epstopdf)             Command: <repstopdf --outfile=ServerCode/07_speed_vs_sc_
strat1/Results/speed_vs_sc_nondim2-eps-converted-to.pdf ServerCode/07_speed_vs_
sc_strat1/Results/speed_vs_sc_nondim2.eps>
(epstopdf)             \includegraphics on input line 891.
Package epstopdf Info: Output file is already uptodate.

<ServerCode/07_speed_vs_sc_strat1/Results/speed_vs_sc_nondim2-eps-converted-to.
pdf, id=336, 785.93625pt x 564.1075pt>
File: ServerCode/07_speed_vs_sc_strat1/Results/speed_vs_sc_nondim2-eps-converte
d-to.pdf Graphic file (type pdf)

<use ServerCode/07_speed_vs_sc_strat1/Results/speed_vs_sc_nondim2-eps-converted
-to.pdf>
Package pdftex.def Info: ServerCode/07_speed_vs_sc_strat1/Results/speed_vs_sc_n
ondim2-eps-converted-to.pdf used on input line 891.
(pdftex.def)             Requested size: 298.7548pt x 214.43193pt.
 [54 <./ServerCode/07_speed_vs_sc_strat1/Results/speed_vs_sc_nondim2-eps-conver
ted-to.pdf>]
Package epstopdf Info: Source file: <ServerCode/07_speed_vs_sc_strat1/Results/s
peed_vs_sc_dim2.eps>
(epstopdf)                    date: 2018-09-10 14:44:21
(epstopdf)                    size: 90325 bytes
(epstopdf)             Output file: <ServerCode/07_speed_vs_sc_strat1/Results/s
peed_vs_sc_dim2-eps-converted-to.pdf>
(epstopdf)                    date: 2018-09-10 14:48:53
(epstopdf)                    size: 39334 bytes
(epstopdf)             Command: <repstopdf --outfile=ServerCode/07_speed_vs_sc_
strat1/Results/speed_vs_sc_dim2-eps-converted-to.pdf ServerCode/07_speed_vs_sc_
strat1/Results/speed_vs_sc_dim2.eps>
(epstopdf)             \includegraphics on input line 899.
Package epstopdf Info: Output file is already uptodate.

<ServerCode/07_speed_vs_sc_strat1/Results/speed_vs_sc_dim2-eps-converted-to.pdf
, id=346, 777.90625pt x 564.1075pt>
File: ServerCode/07_speed_vs_sc_strat1/Results/speed_vs_sc_dim2-eps-converted-t
o.pdf Graphic file (type pdf)

<use ServerCode/07_speed_vs_sc_strat1/Results/speed_vs_sc_dim2-eps-converted-to
.pdf>
Package pdftex.def Info: ServerCode/07_speed_vs_sc_strat1/Results/speed_vs_sc_d
im2-eps-converted-to.pdf used on input line 899.
(pdftex.def)             Requested size: 298.75296pt x 216.64407pt.
Package epstopdf Info: Source file: <ServerCode/08_speed_vs_sc_strat100/Results
/speed_vs_sc_nondim2.eps>
(epstopdf)                    date: 2018-09-10 14:49:06
(epstopdf)                    size: 117606 bytes
(epstopdf)             Output file: <ServerCode/08_speed_vs_sc_strat100/Results
/speed_vs_sc_nondim2-eps-converted-to.pdf>
(epstopdf)                    date: 2018-09-10 14:51:36
(epstopdf)                    size: 51003 bytes
(epstopdf)             Command: <repstopdf --outfile=ServerCode/08_speed_vs_sc_
strat100/Results/speed_vs_sc_nondim2-eps-converted-to.pdf ServerCode/08_speed_v
s_sc_strat100/Results/speed_vs_sc_nondim2.eps>
(epstopdf)             \includegraphics on input line 906.
Package epstopdf Info: Output file is already uptodate.

<ServerCode/08_speed_vs_sc_strat100/Results/speed_vs_sc_nondim2-eps-converted-t
o.pdf, id=347, 785.93625pt x 564.1075pt>
File: ServerCode/08_speed_vs_sc_strat100/Results/speed_vs_sc_nondim2-eps-conver
ted-to.pdf Graphic file (type pdf)

<use ServerCode/08_speed_vs_sc_strat100/Results/speed_vs_sc_nondim2-eps-convert
ed-to.pdf>
Package pdftex.def Info: ServerCode/08_speed_vs_sc_strat100/Results/speed_vs_sc
_nondim2-eps-converted-to.pdf used on input line 906.
(pdftex.def)             Requested size: 298.7548pt x 214.43193pt.
 [55 <./ServerCode/07_speed_vs_sc_strat1/Results/speed_vs_sc_dim2-eps-converted
-to.pdf>]
Package epstopdf Info: Source file: <ServerCode/08_speed_vs_sc_strat100/Results
/speed_vs_sc_dim2.eps>
(epstopdf)                    date: 2018-09-10 14:49:06
(epstopdf)                    size: 91534 bytes
(epstopdf)             Output file: <ServerCode/08_speed_vs_sc_strat100/Results
/speed_vs_sc_dim2-eps-converted-to.pdf>
(epstopdf)                    date: 2018-09-10 14:51:37
(epstopdf)                    size: 39920 bytes
(epstopdf)             Command: <repstopdf --outfile=ServerCode/08_speed_vs_sc_
strat100/Results/speed_vs_sc_dim2-eps-converted-to.pdf ServerCode/08_speed_vs_s
c_strat100/Results/speed_vs_sc_dim2.eps>
(epstopdf)             \includegraphics on input line 910.
Package epstopdf Info: Output file is already uptodate.

<ServerCode/08_speed_vs_sc_strat100/Results/speed_vs_sc_dim2-eps-converted-to.p
df, id=357, 777.90625pt x 564.1075pt>
File: ServerCode/08_speed_vs_sc_strat100/Results/speed_vs_sc_dim2-eps-converted
-to.pdf Graphic file (type pdf)

<use ServerCode/08_speed_vs_sc_strat100/Results/speed_vs_sc_dim2-eps-converted-
to.pdf>
Package pdftex.def Info: ServerCode/08_speed_vs_sc_strat100/Results/speed_vs_sc
_dim2-eps-converted-to.pdf used on input line 910.
(pdftex.def)             Requested size: 298.75296pt x 216.64407pt.
 [56 <./ServerCode/08_speed_vs_sc_strat100/Results/speed_vs_sc_nondim2-eps-conv
erted-to.pdf> <./ServerCode/08_speed_vs_sc_strat100/Results/speed_vs_sc_dim2-ep
s-converted-to.pdf>] [57]
Package epstopdf Info: Source file: <ServerCode/11_biharmonic/Results/beta0/vel
zoom.eps>
(epstopdf)                    date: 2018-08-30 21:33:22
(epstopdf)                    size: 4955056 bytes
(epstopdf)             Output file: <ServerCode/11_biharmonic/Results/beta0/vel
zoom-eps-converted-to.pdf>
(epstopdf)                    date: 2018-08-30 21:35:20
(epstopdf)                    size: 567970 bytes
(epstopdf)             Command: <repstopdf --outfile=ServerCode/11_biharmonic/R
esults/beta0/velzoom-eps-converted-to.pdf ServerCode/11_biharmonic/Results/beta
0/velzoom.eps>
(epstopdf)             \includegraphics on input line 928.
Package epstopdf Info: Output file is already uptodate.

<ServerCode/11_biharmonic/Results/beta0/velzoom-eps-converted-to.pdf, id=374, 5
98.235pt x 422.57875pt>
File: ServerCode/11_biharmonic/Results/beta0/velzoom-eps-converted-to.pdf Graph
ic file (type pdf)

<use ServerCode/11_biharmonic/Results/beta0/velzoom-eps-converted-to.pdf>
Package pdftex.def Info: ServerCode/11_biharmonic/Results/beta0/velzoom-eps-con
verted-to.pdf used on input line 928.
(pdftex.def)             Requested size: 426.79456pt x 301.47736pt.
Package epstopdf Info: Source file: <ServerCode/11_biharmonic/Results/beta1000/
velzoom.eps>
(epstopdf)                    date: 2018-08-30 21:29:38
(epstopdf)                    size: 5049124 bytes
(epstopdf)             Output file: <ServerCode/11_biharmonic/Results/beta1000/
velzoom-eps-converted-to.pdf>
(epstopdf)                    date: 2018-08-30 21:32:54
(epstopdf)                    size: 574960 bytes
(epstopdf)             Command: <repstopdf --outfile=ServerCode/11_biharmonic/R
esults/beta1000/velzoom-eps-converted-to.pdf ServerCode/11_biharmonic/Results/b
eta1000/velzoom.eps>
(epstopdf)             \includegraphics on input line 932.
Package epstopdf Info: Output file is already uptodate.

<ServerCode/11_biharmonic/Results/beta1000/velzoom-eps-converted-to.pdf, id=375
, 598.235pt x 422.57875pt>
File: ServerCode/11_biharmonic/Results/beta1000/velzoom-eps-converted-to.pdf Gr
aphic file (type pdf)

<use ServerCode/11_biharmonic/Results/beta1000/velzoom-eps-converted-to.pdf>
Package pdftex.def Info: ServerCode/11_biharmonic/Results/beta1000/velzoom-eps-
converted-to.pdf used on input line 932.
(pdftex.def)             Requested size: 426.79456pt x 301.47736pt.

[58 <./ServerCode/11_biharmonic/Results/beta0/velzoom-eps-converted-to.pdf>]
[59 <./ServerCode/11_biharmonic/Results/beta1000/velzoom-eps-converted-to.pdf>]
[60] [61] [62]
Overfull \hbox (1.86491pt too wide) in paragraph at lines 971--971
[]\OT1/lmr/m/n/12 Allshouse, M. R., Barad, M. F. & Pea-cock, T. Propul-sion gen
-er-ated by diffusion-
 []


Package biblatex Warning: No driver for entry type 'unknown'.
(biblatex)                Using fallback driver on input line 970.

[63] [64] (./ServerCode/13_Appendix/FullTimeNL.edp
LaTeX Font Info:    External font `lmex10' loaded for size
(Font)              <10> on input line 1.
LaTeX Font Info:    External font `lmex10' loaded for size
(Font)              <7> on input line 1.
LaTeX Font Info:    External font `lmex10' loaded for size
(Font)              <5> on input line 1.
LaTeX Font Info:    Try loading font information for OML+lmr on input line 8.

(/usr/local/texlive/2017/texmf-dist/tex/latex/lm/omllmr.fd
File: omllmr.fd 2009/10/30 v1.6 Font defs for Latin Modern
)
LaTeX Font Info:    Font shape `OML/lmr/m/n' in size <10> not available
(Font)              Font shape `OML/lmm/m/it' tried instead on input line 8.
LaTeX Font Info:    Try loading font information for OMS+lmr on input line 14.

(/usr/local/texlive/2017/texmf-dist/tex/latex/lm/omslmr.fd
File: omslmr.fd 2009/10/30 v1.6 Font defs for Latin Modern
)
LaTeX Font Info:    Font shape `OMS/lmr/m/n' in size <10> not available
(Font)              Font shape `OMS/lmsy/m/n' tried instead on input line 14.
 [65] [66] [67]
[68] [69] [70] [71] [72] [73] [74] [75] [76] [77] [78]) [79]
(./HurstMScThesis.aux)
Package logreq Info: Writing requests to 'HurstMScThesis.run.xml'.
\openout1 = `HurstMScThesis.run.xml'.

 ) 
Here is how much of TeX's memory you used:
 13128 strings out of 492995
 224699 string characters out of 6132704
 845811 words of memory out of 5000000
 16367 multiletter control sequences out of 15000+600000
 77611 words of font info for 67 fonts, out of 8000000 for 9000
 1141 hyphenation exceptions out of 8191
 44i,18n,48p,1525b,1444s stack positions out of 5000i,500n,10000p,200000b,80000s
{/usr/local/texlive/2017/texmf-dist/fonts/enc/dvips/lm/lm-mathit.enc}{/usr/lo
cal/texlive/2017/texmf-dist/fonts/enc/dvips/lm/lm-rmsc.enc}{/usr/local/texlive/
2017/texmf-dist/fonts/enc/dvips/lm/lm-rm.enc}{/usr/local/texlive/2017/texmf-dis
t/fonts/enc/dvips/lm/lm-mathex.enc}{/usr/local/texlive/2017/texmf-dist/fonts/en
c/dvips/lm/lm-mathsy.enc}{/usr/local/texlive/2017/texmf-dist/fonts/enc/dvips/lm
/lm-rmtt.enc}</usr/local/texlive/2017/texmf-dist/fonts/type1/public/lm/lmbx10.p
fb></usr/local/texlive/2017/texmf-dist/fonts/type1/public/lm/lmbx12.pfb></usr/l
ocal/texlive/2017/texmf-dist/fonts/type1/public/lm/lmcsc10.pfb></usr/local/texl
ive/2017/texmf-dist/fonts/type1/public/lm/lmex10.pfb></usr/local/texlive/2017/t
exmf-dist/fonts/type1/public/lm/lmmi10.pfb></usr/local/texlive/2017/texmf-dist/
fonts/type1/public/lm/lmmi12.pfb></usr/local/texlive/2017/texmf-dist/fonts/type
1/public/lm/lmmi8.pfb></usr/local/texlive/2017/texmf-dist/fonts/type1/public/lm
/lmr10.pfb></usr/local/texlive/2017/texmf-dist/fonts/type1/public/lm/lmr12.pfb>
</usr/local/texlive/2017/texmf-dist/fonts/type1/public/lm/lmr17.pfb></usr/local
/texlive/2017/texmf-dist/fonts/type1/public/lm/lmr6.pfb></usr/local/texlive/201
7/texmf-dist/fonts/type1/public/lm/lmr8.pfb></usr/local/texlive/2017/texmf-dist
/fonts/type1/public/lm/lmri12.pfb></usr/local/texlive/2017/texmf-dist/fonts/typ
e1/public/lm/lmss12.pfb></usr/local/texlive/2017/texmf-dist/fonts/type1/public/
lm/lmsy10.pfb></usr/local/texlive/2017/texmf-dist/fonts/type1/public/lm/lmsy8.p
fb></usr/local/texlive/2017/texmf-dist/fonts/type1/public/lm/lmtt12.pfb>
Output written on HurstMScThesis.pdf (79 pages, 6238653 bytes).
PDF statistics:
 523 PDF objects out of 1000 (max. 8388607)
 350 compressed objects within 4 object streams
 0 named destinations out of 1000 (max. 500000)
 186 words of extra memory for PDF output out of 10000 (max. 10000000)

